[debug] [2024-11-15T10:16:10.028Z] ----------------------------------------------------------------------
[debug] [2024-11-15T10:16:10.032Z] Command:       C:\Program Files\nodejs\node.exe C:\Users\Matsitsi Mothoana\AppData\Roaming\npm\node_modules\firebase-tools\lib\bin\firebase.js init
[debug] [2024-11-15T10:16:10.032Z] CLI Version:   13.25.0
[debug] [2024-11-15T10:16:10.032Z] Platform:      win32
[debug] [2024-11-15T10:16:10.032Z] Node Version:  v20.17.0
[debug] [2024-11-15T10:16:10.032Z] Time:          Fri Nov 15 2024 12:16:10 GMT+0200 (South Africa Standard Time)
[debug] [2024-11-15T10:16:10.033Z] ----------------------------------------------------------------------
[debug] 
[debug] [2024-11-15T10:16:10.036Z] >>> [apiv2][query] GET https://firebase-public.firebaseio.com/cli.json [none]
[debug] [2024-11-15T10:16:10.095Z] > command requires scopes: ["email","openid","https://www.googleapis.com/auth/cloudplatformprojects.readonly","https://www.googleapis.com/auth/firebase","https://www.googleapis.com/auth/cloud-platform"]
[debug] [2024-11-15T10:16:10.095Z] > authorizing via signed-in user (anastaciahmothoana@gmail.com)
[info] 
     ######## #### ########  ######## ########     ###     ######  ########
     ##        ##  ##     ## ##       ##     ##  ##   ##  ##       ##
     ######    ##  ########  ######   ########  #########  ######  ######
     ##        ##  ##    ##  ##       ##     ## ##     ##       ## ##
     ##       #### ##     ## ######## ########  ##     ##  ######  ########

You're about to initialize a Firebase project in this directory:

  C:\Users\Matsitsi Mothoana\OneDrive\Documents\Matsitsi901017325\wingscafe

[debug] [2024-11-15T10:16:12.161Z] <<< [apiv2][status] GET https://firebase-public.firebaseio.com/cli.json 200
[debug] [2024-11-15T10:16:12.161Z] <<< [apiv2][body] GET https://firebase-public.firebaseio.com/cli.json {"cloudBuildErrorAfter":1594252800000,"cloudBuildWarnAfter":1590019200000,"defaultNode10After":1594252800000,"minVersion":"3.0.5","node8DeploysDisabledAfter":1613390400000,"node8RuntimeDisabledAfter":1615809600000,"node8WarnAfter":1600128000000}
[info] 
=== Project Setup
[info] 
[info] First, let's associate this project directory with a Firebase project.
[info] You can create multiple project aliases by running firebase use --add, 
[info] but for now we'll just set up a default project.
[info] 
[debug] [2024-11-15T10:18:21.914Z] Checked if tokens are valid: false, expires at: 1730113532064
[debug] [2024-11-15T10:18:21.914Z] Checked if tokens are valid: false, expires at: 1730113532064
[debug] [2024-11-15T10:18:21.915Z] > refreshing access token with scopes: []
[debug] [2024-11-15T10:18:21.917Z] >>> [apiv2][query] POST https://www.googleapis.com/oauth2/v3/token [none]
[debug] [2024-11-15T10:18:21.917Z] >>> [apiv2][body] POST https://www.googleapis.com/oauth2/v3/token [omitted]
[debug] [2024-11-15T10:18:26.622Z] <<< [apiv2][status] POST https://www.googleapis.com/oauth2/v3/token 200
[debug] [2024-11-15T10:18:26.622Z] <<< [apiv2][body] POST https://www.googleapis.com/oauth2/v3/token [omitted]
[debug] [2024-11-15T10:18:26.635Z] >>> [apiv2][query] GET https://firebase.googleapis.com/v1beta1/projects pageSize=100
[debug] [2024-11-15T10:18:32.144Z] <<< [apiv2][status] GET https://firebase.googleapis.com/v1beta1/projects 200
[debug] [2024-11-15T10:18:32.144Z] <<< [apiv2][body] GET https://firebase.googleapis.com/v1beta1/projects [omitted]
[info] i  Using project anah-f139e (anah) 
[info] 
=== Dataconnect Setup
[debug] [2024-11-15T10:18:32.171Z] Checked if tokens are valid: true, expires at: 1731669505622
[debug] [2024-11-15T10:18:32.171Z] Checked if tokens are valid: true, expires at: 1731669505622
[debug] [2024-11-15T10:18:32.171Z] >>> [apiv2][query] GET https://cloudbilling.googleapis.com/v1/projects/anah-f139e/billingInfo [none]
[debug] [2024-11-15T10:18:38.464Z] <<< [apiv2][status] GET https://cloudbilling.googleapis.com/v1/projects/anah-f139e/billingInfo 200
[debug] [2024-11-15T10:18:38.465Z] <<< [apiv2][body] GET https://cloudbilling.googleapis.com/v1/projects/anah-f139e/billingInfo {"name":"projects/anah-f139e/billingInfo","projectId":"anah-f139e","billingAccountName":"","billingEnabled":false}
[info] i  dataconnect: ensuring required API sqladmin.googleapis.com is enabled... 
[debug] [2024-11-15T10:18:38.467Z] Checked if tokens are valid: true, expires at: 1731669505622
[debug] [2024-11-15T10:18:38.468Z] Checked if tokens are valid: true, expires at: 1731669505622
[debug] [2024-11-15T10:18:38.468Z] >>> [apiv2][query] GET https://serviceusage.googleapis.com/v1/projects/anah-f139e/services/sqladmin.googleapis.com [none]
[debug] [2024-11-15T10:18:38.468Z] >>> [apiv2][(partial)header] GET https://serviceusage.googleapis.com/v1/projects/anah-f139e/services/sqladmin.googleapis.com x-goog-quota-user=projects/anah-f139e
[debug] [2024-11-15T10:18:47.149Z] <<< [apiv2][status] GET https://serviceusage.googleapis.com/v1/projects/anah-f139e/services/sqladmin.googleapis.com 200
[debug] [2024-11-15T10:18:47.150Z] <<< [apiv2][body] GET https://serviceusage.googleapis.com/v1/projects/anah-f139e/services/sqladmin.googleapis.com [omitted]
[warn] !  dataconnect: missing required API sqladmin.googleapis.com. Enabling now... 
[debug] [2024-11-15T10:18:47.152Z] Checked if tokens are valid: true, expires at: 1731669505622
[debug] [2024-11-15T10:18:47.152Z] Checked if tokens are valid: true, expires at: 1731669505622
[debug] [2024-11-15T10:18:47.153Z] >>> [apiv2][query] POST https://serviceusage.googleapis.com/v1/projects/anah-f139e/services/sqladmin.googleapis.com:enable [none]
[debug] [2024-11-15T10:18:47.153Z] >>> [apiv2][(partial)header] POST https://serviceusage.googleapis.com/v1/projects/anah-f139e/services/sqladmin.googleapis.com:enable x-goog-quota-user=projects/anah-f139e
[debug] [2024-11-15T10:18:48.184Z] <<< [apiv2][status] POST https://serviceusage.googleapis.com/v1/projects/anah-f139e/services/sqladmin.googleapis.com:enable 200
[debug] [2024-11-15T10:18:48.184Z] <<< [apiv2][body] POST https://serviceusage.googleapis.com/v1/projects/anah-f139e/services/sqladmin.googleapis.com:enable [omitted]
[debug] [2024-11-15T10:18:58.195Z] Checked if tokens are valid: true, expires at: 1731669505622
[debug] [2024-11-15T10:18:58.196Z] Checked if tokens are valid: true, expires at: 1731669505622
[debug] [2024-11-15T10:18:58.196Z] >>> [apiv2][query] GET https://serviceusage.googleapis.com/v1/projects/anah-f139e/services/sqladmin.googleapis.com [none]
[debug] [2024-11-15T10:18:58.196Z] >>> [apiv2][(partial)header] GET https://serviceusage.googleapis.com/v1/projects/anah-f139e/services/sqladmin.googleapis.com x-goog-quota-user=projects/anah-f139e
[debug] [2024-11-15T10:19:06.111Z] <<< [apiv2][status] GET https://serviceusage.googleapis.com/v1/projects/anah-f139e/services/sqladmin.googleapis.com 200
[debug] [2024-11-15T10:19:06.112Z] <<< [apiv2][body] GET https://serviceusage.googleapis.com/v1/projects/anah-f139e/services/sqladmin.googleapis.com [omitted]
[info] +  dataconnect: required API sqladmin.googleapis.com is enabled 
[info] +  Wrote dataconnect\dataconnect.yaml 
[info] +  Wrote dataconnect\schema\schema.gql 
[info] +  Wrote dataconnect\connector\connector.yaml 
[info] +  Wrote dataconnect\connector\queries.gql 
[info] +  Wrote dataconnect\connector\mutations.gql 
[info] +  Detected WEB app in directory C:\Users\Matsitsi Mothoana\OneDrive\Documents\Matsitsi901017325\wingscafe 
[info] i  Wrote new config to C:\Users\Matsitsi Mothoana\OneDrive\Documents\Matsitsi901017325\wingscafe\dataconnect\connector/connector.yaml 
[info] i  dataconnect: downloading dataconnect-emulator-1.7.0.exe... {"metadata":{"emulator":{"name":"dataconnect"},"message":"downloading dataconnect-emulator-1.7.0.exe..."}}
[debug] [2024-11-15T10:21:19.242Z] >>> [apiv2][query] GET https://storage.googleapis.com/firemat-preview-drop/emulator/dataconnect-emulator-windows-v1.7.0 
[debug] [2024-11-15T10:21:25.458Z] <<< [apiv2][status] GET https://storage.googleapis.com/firemat-preview-drop/emulator/dataconnect-emulator-windows-v1.7.0 200
[debug] [2024-11-15T10:21:25.459Z] <<< [apiv2][body] GET https://storage.googleapis.com/firemat-preview-drop/emulator/dataconnect-emulator-windows-v1.7.0 [stream]
[info] i  dataconnect: Removing outdated emulator files: dataconnect-emulator-1.5.1.exe {"metadata":{"emulator":{"name":"dataconnect"},"message":"Removing outdated emulator files: dataconnect-emulator-1.5.1.exe"}}
